{"/mnt/datos/jonialen/Documents/pruebaTecnica/blueMedical/frontend/src/components/TaskCard.tsx": {"path":"/mnt/datos/jonialen/Documents/pruebaTecnica/blueMedical/frontend/src/components/TaskCard.tsx","statementMap":{"0":{"start":{"line":32,"column":24},"end":{"line":202,"column":null}},"1":{"start":{"line":33,"column":54},"end":{"line":33,"column":null}},"2":{"start":{"line":39,"column":23},"end":{"line":43,"column":null}},"3":{"start":{"line":40,"column":8},"end":{"line":40,"column":null}},"4":{"start":{"line":40,"column":34},"end":{"line":40,"column":null}},"5":{"start":{"line":41,"column":8},"end":{"line":41,"column":null}},"6":{"start":{"line":41,"column":38},"end":{"line":41,"column":null}},"7":{"start":{"line":42,"column":8},"end":{"line":42,"column":null}},"8":{"start":{"line":49,"column":31},"end":{"line":53,"column":null}},"9":{"start":{"line":50,"column":8},"end":{"line":50,"column":null}},"10":{"start":{"line":51,"column":26},"end":{"line":51,"column":null}},"11":{"start":{"line":52,"column":8},"end":{"line":52,"column":null}},"12":{"start":{"line":59,"column":25},"end":{"line":64,"column":null}},"13":{"start":{"line":60,"column":8},"end":{"line":60,"column":null}},"14":{"start":{"line":61,"column":8},"end":{"line":63,"column":null}},"15":{"start":{"line":62,"column":12},"end":{"line":62,"column":null}},"16":{"start":{"line":67,"column":25},"end":{"line":71,"column":null}},"17":{"start":{"line":73,"column":19},"end":{"line":73,"column":null}},"18":{"start":{"line":74,"column":17},"end":{"line":74,"column":null}},"19":{"start":{"line":80,"column":28},"end":{"line":101,"column":null}},"20":{"start":{"line":81,"column":8},"end":{"line":100,"column":null}},"21":{"start":{"line":83,"column":16},"end":{"line":87,"column":null}},"22":{"start":{"line":89,"column":16},"end":{"line":93,"column":null}},"23":{"start":{"line":95,"column":16},"end":{"line":99,"column":null}},"24":{"start":{"line":103,"column":19},"end":{"line":103,"column":null}},"25":{"start":{"line":105,"column":4},"end":{"line":200,"column":null}},"26":{"start":{"line":115,"column":16},"end":{"line":115,"column":null}},"27":{"start":{"line":116,"column":16},"end":{"line":116,"column":null}},"28":{"start":{"line":119,"column":16},"end":{"line":119,"column":null}},"29":{"start":{"line":120,"column":16},"end":{"line":120,"column":null}},"30":{"start":{"line":184,"column":32},"end":{"line":184,"column":null}},"31":{"start":{"line":185,"column":32},"end":{"line":185,"column":null}},"32":{"start":{"line":188,"column":32},"end":{"line":188,"column":null}},"33":{"start":{"line":189,"column":32},"end":{"line":189,"column":null}}},"fnMap":{"0":{"name":"(anonymous_0)","decl":{"start":{"line":32,"column":24},"end":{"line":32,"column":25}},"loc":{"start":{"line":32,"column":82},"end":{"line":202,"column":null}},"line":32},"1":{"name":"(anonymous_1)","decl":{"start":{"line":39,"column":23},"end":{"line":39,"column":29}},"loc":{"start":{"line":39,"column":29},"end":{"line":43,"column":null}},"line":39},"2":{"name":"(anonymous_2)","decl":{"start":{"line":49,"column":31},"end":{"line":49,"column":32}},"loc":{"start":{"line":49,"column":56},"end":{"line":53,"column":null}},"line":49},"3":{"name":"(anonymous_3)","decl":{"start":{"line":59,"column":25},"end":{"line":59,"column":26}},"loc":{"start":{"line":59,"column":50},"end":{"line":64,"column":null}},"line":59},"4":{"name":"(anonymous_4)","decl":{"start":{"line":80,"column":28},"end":{"line":80,"column":34}},"loc":{"start":{"line":80,"column":34},"end":{"line":101,"column":null}},"line":80},"5":{"name":"(anonymous_5)","decl":{"start":{"line":114,"column":26},"end":{"line":114,"column":27}},"loc":{"start":{"line":114,"column":33},"end":{"line":117,"column":null}},"line":114},"6":{"name":"(anonymous_6)","decl":{"start":{"line":118,"column":26},"end":{"line":118,"column":27}},"loc":{"start":{"line":118,"column":33},"end":{"line":121,"column":null}},"line":118},"7":{"name":"(anonymous_7)","decl":{"start":{"line":183,"column":42},"end":{"line":183,"column":43}},"loc":{"start":{"line":183,"column":49},"end":{"line":186,"column":null}},"line":183},"8":{"name":"(anonymous_8)","decl":{"start":{"line":187,"column":42},"end":{"line":187,"column":43}},"loc":{"start":{"line":187,"column":49},"end":{"line":190,"column":null}},"line":187}},"branchMap":{"0":{"loc":{"start":{"line":40,"column":8},"end":{"line":40,"column":null}},"type":"if","locations":[{"start":{"line":40,"column":8},"end":{"line":40,"column":null}},{"start":{},"end":{}}],"line":40},"1":{"loc":{"start":{"line":41,"column":8},"end":{"line":41,"column":null}},"type":"if","locations":[{"start":{"line":41,"column":8},"end":{"line":41,"column":null}},{"start":{},"end":{}}],"line":41},"2":{"loc":{"start":{"line":61,"column":8},"end":{"line":63,"column":null}},"type":"if","locations":[{"start":{"line":61,"column":8},"end":{"line":63,"column":null}},{"start":{},"end":{}}],"line":61},"3":{"loc":{"start":{"line":81,"column":8},"end":{"line":100,"column":null}},"type":"switch","locations":[{"start":{"line":82,"column":12},"end":{"line":87,"column":null}},{"start":{"line":88,"column":12},"end":{"line":93,"column":null}},{"start":{"line":94,"column":12},"end":{"line":99,"column":null}}],"line":81},"4":{"loc":{"start":{"line":139,"column":89},"end":{"line":139,"column":131}},"type":"binary-expr","locations":[{"start":{"line":139,"column":89},"end":{"line":139,"column":117}},{"start":{"line":139,"column":117},"end":{"line":139,"column":131}}],"line":139},"5":{"loc":{"start":{"line":149,"column":25},"end":{"line":152,"column":null}},"type":"binary-expr","locations":[{"start":{"line":149,"column":25},"end":{"line":149,"column":null}},{"start":{"line":150,"column":28},"end":{"line":152,"column":null}}],"line":149}},"s":{"0":1,"1":10,"2":10,"3":4,"4":2,"5":2,"6":1,"7":1,"8":10,"9":4,"10":4,"11":4,"12":10,"13":2,"14":2,"15":1,"16":10,"17":10,"18":10,"19":10,"20":10,"21":7,"22":1,"23":2,"24":10,"25":10,"26":0,"27":0,"28":0,"29":0,"30":0,"31":0,"32":0,"33":0},"f":{"0":10,"1":4,"2":4,"3":2,"4":10,"5":0,"6":0,"7":0,"8":0},"b":{"0":[2,2],"1":[1,1],"2":[1,1],"3":[7,1,2],"4":[10,1],"5":[10,9]},"meta":{"lastBranch":6,"lastFunction":9,"lastStatement":34,"seen":{"s:32:24:202:Infinity":0,"f:32:24:32:25":0,"s:33:54:33:Infinity":1,"s:39:23:43:Infinity":2,"f:39:23:39:29":1,"b:40:8:40:Infinity:undefined:undefined:undefined:undefined":0,"s:40:8:40:Infinity":3,"s:40:34:40:Infinity":4,"b:41:8:41:Infinity:undefined:undefined:undefined:undefined":1,"s:41:8:41:Infinity":5,"s:41:38:41:Infinity":6,"s:42:8:42:Infinity":7,"s:49:31:53:Infinity":8,"f:49:31:49:32":2,"s:50:8:50:Infinity":9,"s:51:26:51:Infinity":10,"s:52:8:52:Infinity":11,"s:59:25:64:Infinity":12,"f:59:25:59:26":3,"s:60:8:60:Infinity":13,"b:61:8:63:Infinity:undefined:undefined:undefined:undefined":2,"s:61:8:63:Infinity":14,"s:62:12:62:Infinity":15,"s:67:25:71:Infinity":16,"s:73:19:73:Infinity":17,"s:74:17:74:Infinity":18,"s:80:28:101:Infinity":19,"f:80:28:80:34":4,"b:82:12:87:Infinity:88:12:93:Infinity:94:12:99:Infinity":3,"s:81:8:100:Infinity":20,"s:83:16:87:Infinity":21,"s:89:16:93:Infinity":22,"s:95:16:99:Infinity":23,"s:103:19:103:Infinity":24,"s:105:4:200:Infinity":25,"f:114:26:114:27":5,"s:115:16:115:Infinity":26,"s:116:16:116:Infinity":27,"f:118:26:118:27":6,"s:119:16:119:Infinity":28,"s:120:16:120:Infinity":29,"b:139:89:139:117:139:117:139:131":4,"b:149:25:149:Infinity:150:28:152:Infinity":5,"f:183:42:183:43":7,"s:184:32:184:Infinity":30,"s:185:32:185:Infinity":31,"f:187:42:187:43":8,"s:188:32:188:Infinity":32,"s:189:32:189:Infinity":33}}}
,"/mnt/datos/jonialen/Documents/pruebaTecnica/blueMedical/frontend/src/utils/formatDate.ts": {"path":"/mnt/datos/jonialen/Documents/pruebaTecnica/blueMedical/frontend/src/utils/formatDate.ts","statementMap":{"0":{"start":{"line":11,"column":26},"end":{"line":12,"column":null}},"1":{"start":{"line":11,"column":27},"end":{"line":12,"column":null}}},"fnMap":{"0":{"name":"(anonymous_0)","decl":{"start":{"line":11,"column":26},"end":{"line":11,"column":27}},"loc":{"start":{"line":11,"column":27},"end":{"line":12,"column":null}},"line":11}},"branchMap":{},"s":{"0":1,"1":10},"f":{"0":10},"b":{},"meta":{"lastBranch":0,"lastFunction":1,"lastStatement":2,"seen":{"s:11:26:12:Infinity":0,"f:11:26:11:27":0,"s:11:27:12:Infinity":1}}}
,"/mnt/datos/jonialen/Documents/pruebaTecnica/blueMedical/frontend/src/utils/helpers.ts": {"path":"/mnt/datos/jonialen/Documents/pruebaTecnica/blueMedical/frontend/src/utils/helpers.ts","statementMap":{"0":{"start":{"line":8,"column":26},"end":{"line":10,"column":null}},"1":{"start":{"line":9,"column":4},"end":{"line":9,"column":null}},"2":{"start":{"line":18,"column":28},"end":{"line":20,"column":null}},"3":{"start":{"line":19,"column":4},"end":{"line":19,"column":null}},"4":{"start":{"line":28,"column":24},"end":{"line":31,"column":null}},"5":{"start":{"line":29,"column":4},"end":{"line":29,"column":null}},"6":{"start":{"line":29,"column":34},"end":{"line":29,"column":null}},"7":{"start":{"line":30,"column":4},"end":{"line":30,"column":null}},"8":{"start":{"line":39,"column":21},"end":{"line":41,"column":null}},"9":{"start":{"line":40,"column":4},"end":{"line":40,"column":null}},"10":{"start":{"line":40,"column":34},"end":{"line":40,"column":57}},"11":{"start":{"line":52,"column":35},"end":{"line":73,"column":null}},"12":{"start":{"line":53,"column":4},"end":{"line":53,"column":null}},"13":{"start":{"line":53,"column":35},"end":{"line":53,"column":null}},"14":{"start":{"line":56,"column":4},"end":{"line":70,"column":null}},"15":{"start":{"line":57,"column":20},"end":{"line":57,"column":null}},"16":{"start":{"line":60,"column":8},"end":{"line":66,"column":null}},"17":{"start":{"line":61,"column":29},"end":{"line":61,"column":null}},"18":{"start":{"line":62,"column":12},"end":{"line":65,"column":null}},"19":{"start":{"line":63,"column":29},"end":{"line":63,"column":null}},"20":{"start":{"line":64,"column":16},"end":{"line":64,"column":null}},"21":{"start":{"line":64,"column":54},"end":{"line":64,"column":null}},"22":{"start":{"line":69,"column":8},"end":{"line":69,"column":null}},"23":{"start":{"line":69,"column":45},"end":{"line":69,"column":null}},"24":{"start":{"line":72,"column":4},"end":{"line":72,"column":null}}},"fnMap":{"0":{"name":"(anonymous_0)","decl":{"start":{"line":8,"column":26},"end":{"line":8,"column":27}},"loc":{"start":{"line":8,"column":51},"end":{"line":10,"column":null}},"line":8},"1":{"name":"(anonymous_1)","decl":{"start":{"line":18,"column":28},"end":{"line":18,"column":29}},"loc":{"start":{"line":18,"column":56},"end":{"line":20,"column":null}},"line":18},"2":{"name":"(anonymous_2)","decl":{"start":{"line":28,"column":24},"end":{"line":28,"column":25}},"loc":{"start":{"line":28,"column":69},"end":{"line":31,"column":null}},"line":28},"3":{"name":"(anonymous_3)","decl":{"start":{"line":39,"column":21},"end":{"line":39,"column":22}},"loc":{"start":{"line":39,"column":52},"end":{"line":41,"column":null}},"line":39},"4":{"name":"(anonymous_4)","decl":{"start":{"line":40,"column":23},"end":{"line":40,"column":34}},"loc":{"start":{"line":40,"column":34},"end":{"line":40,"column":57}},"line":40},"5":{"name":"(anonymous_5)","decl":{"start":{"line":52,"column":35},"end":{"line":52,"column":36}},"loc":{"start":{"line":52,"column":63},"end":{"line":73,"column":null}},"line":52}},"branchMap":{"0":{"loc":{"start":{"line":29,"column":4},"end":{"line":29,"column":null}},"type":"if","locations":[{"start":{"line":29,"column":4},"end":{"line":29,"column":null}},{"start":{},"end":{}}],"line":29},"1":{"loc":{"start":{"line":53,"column":4},"end":{"line":53,"column":null}},"type":"if","locations":[{"start":{"line":53,"column":4},"end":{"line":53,"column":null}},{"start":{},"end":{}}],"line":53},"2":{"loc":{"start":{"line":56,"column":4},"end":{"line":70,"column":null}},"type":"if","locations":[{"start":{"line":56,"column":4},"end":{"line":70,"column":null}},{"start":{},"end":{}}],"line":56},"3":{"loc":{"start":{"line":56,"column":8},"end":{"line":56,"column":44}},"type":"binary-expr","locations":[{"start":{"line":56,"column":8},"end":{"line":56,"column":17}},{"start":{"line":56,"column":17},"end":{"line":56,"column":44}}],"line":56},"4":{"loc":{"start":{"line":60,"column":8},"end":{"line":66,"column":null}},"type":"if","locations":[{"start":{"line":60,"column":8},"end":{"line":66,"column":null}},{"start":{},"end":{}}],"line":60},"5":{"loc":{"start":{"line":60,"column":12},"end":{"line":60,"column":62}},"type":"binary-expr","locations":[{"start":{"line":60,"column":12},"end":{"line":60,"column":28}},{"start":{"line":60,"column":28},"end":{"line":60,"column":62}}],"line":60},"6":{"loc":{"start":{"line":62,"column":12},"end":{"line":65,"column":null}},"type":"if","locations":[{"start":{"line":62,"column":12},"end":{"line":65,"column":null}},{"start":{},"end":{}}],"line":62},"7":{"loc":{"start":{"line":62,"column":16},"end":{"line":62,"column":68}},"type":"binary-expr","locations":[{"start":{"line":62,"column":16},"end":{"line":62,"column":33}},{"start":{"line":62,"column":33},"end":{"line":62,"column":68}}],"line":62},"8":{"loc":{"start":{"line":64,"column":16},"end":{"line":64,"column":null}},"type":"if","locations":[{"start":{"line":64,"column":16},"end":{"line":64,"column":null}},{"start":{},"end":{}}],"line":64},"9":{"loc":{"start":{"line":69,"column":8},"end":{"line":69,"column":null}},"type":"if","locations":[{"start":{"line":69,"column":8},"end":{"line":69,"column":null}},{"start":{},"end":{}}],"line":69}},"s":{"0":2,"1":3,"2":2,"3":13,"4":2,"5":2,"6":1,"7":1,"8":2,"9":0,"10":0,"11":2,"12":6,"13":1,"14":5,"15":3,"16":3,"17":1,"18":1,"19":1,"20":1,"21":1,"22":2,"23":1,"24":3},"f":{"0":3,"1":13,"2":2,"3":0,"4":0,"5":6},"b":{"0":[1,1],"1":[1,5],"2":[3,2],"3":[5,3],"4":[1,2],"5":[3,1],"6":[1,0],"7":[1,1],"8":[1,0],"9":[1,1]},"meta":{"lastBranch":10,"lastFunction":6,"lastStatement":25,"seen":{"s:8:26:10:Infinity":0,"f:8:26:8:27":0,"s:9:4:9:Infinity":1,"s:18:28:20:Infinity":2,"f:18:28:18:29":1,"s:19:4:19:Infinity":3,"s:28:24:31:Infinity":4,"f:28:24:28:25":2,"b:29:4:29:Infinity:undefined:undefined:undefined:undefined":0,"s:29:4:29:Infinity":5,"s:29:34:29:Infinity":6,"s:30:4:30:Infinity":7,"s:39:21:41:Infinity":8,"f:39:21:39:22":3,"s:40:4:40:Infinity":9,"f:40:23:40:34":4,"s:40:34:40:57":10,"s:52:35:73:Infinity":11,"f:52:35:52:36":5,"b:53:4:53:Infinity:undefined:undefined:undefined:undefined":1,"s:53:4:53:Infinity":12,"s:53:35:53:Infinity":13,"b:56:4:70:Infinity:undefined:undefined:undefined:undefined":2,"s:56:4:70:Infinity":14,"b:56:8:56:17:56:17:56:44":3,"s:57:20:57:Infinity":15,"b:60:8:66:Infinity:undefined:undefined:undefined:undefined":4,"s:60:8:66:Infinity":16,"b:60:12:60:28:60:28:60:62":5,"s:61:29:61:Infinity":17,"b:62:12:65:Infinity:undefined:undefined:undefined:undefined":6,"s:62:12:65:Infinity":18,"b:62:16:62:33:62:33:62:68":7,"s:63:29:63:Infinity":19,"b:64:16:64:Infinity:undefined:undefined:undefined:undefined":8,"s:64:16:64:Infinity":20,"s:64:54:64:Infinity":21,"b:69:8:69:Infinity:undefined:undefined:undefined:undefined":9,"s:69:8:69:Infinity":22,"s:69:45:69:Infinity":23,"s:72:4:72:Infinity":24}}}
,"/mnt/datos/jonialen/Documents/pruebaTecnica/blueMedical/frontend/src/utils/validators.ts": {"path":"/mnt/datos/jonialen/Documents/pruebaTecnica/blueMedical/frontend/src/utils/validators.ts","statementMap":{"0":{"start":{"line":8,"column":28},"end":{"line":11,"column":null}},"1":{"start":{"line":9,"column":23},"end":{"line":9,"column":null}},"2":{"start":{"line":10,"column":4},"end":{"line":10,"column":null}},"3":{"start":{"line":19,"column":31},"end":{"line":21,"column":null}},"4":{"start":{"line":20,"column":4},"end":{"line":20,"column":null}},"5":{"start":{"line":28,"column":32},"end":{"line":30,"column":null}},"6":{"start":{"line":29,"column":4},"end":{"line":29,"column":null}},"7":{"start":{"line":37,"column":27},"end":{"line":39,"column":null}},"8":{"start":{"line":38,"column":4},"end":{"line":38,"column":null}},"9":{"start":{"line":47,"column":33},"end":{"line":53,"column":null}},"10":{"start":{"line":48,"column":4},"end":{"line":48,"column":null}},"11":{"start":{"line":48,"column":23},"end":{"line":48,"column":null}},"12":{"start":{"line":49,"column":4},"end":{"line":49,"column":null}},"13":{"start":{"line":49,"column":30},"end":{"line":49,"column":null}},"14":{"start":{"line":50,"column":4},"end":{"line":50,"column":null}},"15":{"start":{"line":50,"column":19},"end":{"line":50,"column":null}},"16":{"start":{"line":51,"column":4},"end":{"line":51,"column":null}},"17":{"start":{"line":51,"column":36},"end":{"line":51,"column":null}},"18":{"start":{"line":52,"column":4},"end":{"line":52,"column":null}},"19":{"start":{"line":62,"column":36},"end":{"line":74,"column":null}},"20":{"start":{"line":67,"column":4},"end":{"line":67,"column":null}},"21":{"start":{"line":67,"column":22},"end":{"line":67,"column":null}},"22":{"start":{"line":68,"column":4},"end":{"line":68,"column":null}},"23":{"start":{"line":68,"column":28},"end":{"line":68,"column":null}},"24":{"start":{"line":69,"column":4},"end":{"line":69,"column":null}},"25":{"start":{"line":69,"column":23},"end":{"line":69,"column":null}},"26":{"start":{"line":70,"column":4},"end":{"line":70,"column":null}},"27":{"start":{"line":70,"column":30},"end":{"line":70,"column":null}},"28":{"start":{"line":71,"column":4},"end":{"line":71,"column":null}},"29":{"start":{"line":71,"column":19},"end":{"line":71,"column":null}},"30":{"start":{"line":72,"column":4},"end":{"line":72,"column":null}},"31":{"start":{"line":72,"column":36},"end":{"line":72,"column":null}},"32":{"start":{"line":73,"column":4},"end":{"line":73,"column":null}}},"fnMap":{"0":{"name":"(anonymous_0)","decl":{"start":{"line":8,"column":28},"end":{"line":8,"column":29}},"loc":{"start":{"line":8,"column":56},"end":{"line":11,"column":null}},"line":8},"1":{"name":"(anonymous_1)","decl":{"start":{"line":19,"column":31},"end":{"line":19,"column":32}},"loc":{"start":{"line":19,"column":85},"end":{"line":21,"column":null}},"line":19},"2":{"name":"(anonymous_2)","decl":{"start":{"line":28,"column":32},"end":{"line":28,"column":33}},"loc":{"start":{"line":28,"column":60},"end":{"line":30,"column":null}},"line":28},"3":{"name":"(anonymous_3)","decl":{"start":{"line":37,"column":27},"end":{"line":37,"column":28}},"loc":{"start":{"line":37,"column":54},"end":{"line":39,"column":null}},"line":37},"4":{"name":"(anonymous_4)","decl":{"start":{"line":47,"column":33},"end":{"line":47,"column":34}},"loc":{"start":{"line":47,"column":85},"end":{"line":53,"column":null}},"line":47},"5":{"name":"(anonymous_5)","decl":{"start":{"line":62,"column":36},"end":{"line":62,"column":null}},"loc":{"start":{"line":66,"column":20},"end":{"line":74,"column":null}},"line":66}},"branchMap":{"0":{"loc":{"start":{"line":19,"column":50},"end":{"line":19,"column":85}},"type":"default-arg","locations":[{"start":{"line":19,"column":70},"end":{"line":19,"column":85}}],"line":19},"1":{"loc":{"start":{"line":29,"column":11},"end":{"line":29,"column":null}},"type":"binary-expr","locations":[{"start":{"line":29,"column":11},"end":{"line":29,"column":38}},{"start":{"line":29,"column":38},"end":{"line":29,"column":null}}],"line":29},"2":{"loc":{"start":{"line":38,"column":11},"end":{"line":38,"column":null}},"type":"binary-expr","locations":[{"start":{"line":38,"column":11},"end":{"line":38,"column":38}},{"start":{"line":38,"column":38},"end":{"line":38,"column":null}}],"line":38},"3":{"loc":{"start":{"line":48,"column":4},"end":{"line":48,"column":null}},"type":"if","locations":[{"start":{"line":48,"column":4},"end":{"line":48,"column":null}},{"start":{},"end":{}}],"line":48},"4":{"loc":{"start":{"line":49,"column":4},"end":{"line":49,"column":null}},"type":"if","locations":[{"start":{"line":49,"column":4},"end":{"line":49,"column":null}},{"start":{},"end":{}}],"line":49},"5":{"loc":{"start":{"line":50,"column":4},"end":{"line":50,"column":null}},"type":"if","locations":[{"start":{"line":50,"column":4},"end":{"line":50,"column":null}},{"start":{},"end":{}}],"line":50},"6":{"loc":{"start":{"line":51,"column":4},"end":{"line":51,"column":null}},"type":"if","locations":[{"start":{"line":51,"column":4},"end":{"line":51,"column":null}},{"start":{},"end":{}}],"line":51},"7":{"loc":{"start":{"line":67,"column":4},"end":{"line":67,"column":null}},"type":"if","locations":[{"start":{"line":67,"column":4},"end":{"line":67,"column":null}},{"start":{},"end":{}}],"line":67},"8":{"loc":{"start":{"line":68,"column":4},"end":{"line":68,"column":null}},"type":"if","locations":[{"start":{"line":68,"column":4},"end":{"line":68,"column":null}},{"start":{},"end":{}}],"line":68},"9":{"loc":{"start":{"line":69,"column":4},"end":{"line":69,"column":null}},"type":"if","locations":[{"start":{"line":69,"column":4},"end":{"line":69,"column":null}},{"start":{},"end":{}}],"line":69},"10":{"loc":{"start":{"line":70,"column":4},"end":{"line":70,"column":null}},"type":"if","locations":[{"start":{"line":70,"column":4},"end":{"line":70,"column":null}},{"start":{},"end":{}}],"line":70},"11":{"loc":{"start":{"line":71,"column":4},"end":{"line":71,"column":null}},"type":"if","locations":[{"start":{"line":71,"column":4},"end":{"line":71,"column":null}},{"start":{},"end":{}}],"line":71},"12":{"loc":{"start":{"line":72,"column":4},"end":{"line":72,"column":null}},"type":"if","locations":[{"start":{"line":72,"column":4},"end":{"line":72,"column":null}},{"start":{},"end":{}}],"line":72}},"s":{"0":1,"1":11,"2":11,"3":1,"4":9,"5":1,"6":5,"7":1,"8":7,"9":1,"10":5,"11":1,"12":4,"13":4,"14":3,"15":3,"16":2,"17":2,"18":1,"19":1,"20":3,"21":1,"22":2,"23":2,"24":1,"25":0,"26":1,"27":1,"28":1,"29":1,"30":1,"31":1,"32":1},"f":{"0":11,"1":9,"2":5,"3":7,"4":5,"5":3},"b":{"0":[9],"1":[5,3],"2":[7,4],"3":[1,4],"4":[1,3],"5":[1,2],"6":[1,1],"7":[1,2],"8":[1,1],"9":[0,1],"10":[0,1],"11":[0,1],"12":[0,1]},"meta":{"lastBranch":13,"lastFunction":6,"lastStatement":33,"seen":{"s:8:28:11:Infinity":0,"f:8:28:8:29":0,"s:9:23:9:Infinity":1,"s:10:4:10:Infinity":2,"s:19:31:21:Infinity":3,"f:19:31:19:32":1,"b:19:70:19:85":0,"s:20:4:20:Infinity":4,"s:28:32:30:Infinity":5,"f:28:32:28:33":2,"s:29:4:29:Infinity":6,"b:29:11:29:38:29:38:29:Infinity":1,"s:37:27:39:Infinity":7,"f:37:27:37:28":3,"s:38:4:38:Infinity":8,"b:38:11:38:38:38:38:38:Infinity":2,"s:47:33:53:Infinity":9,"f:47:33:47:34":4,"b:48:4:48:Infinity:undefined:undefined:undefined:undefined":3,"s:48:4:48:Infinity":10,"s:48:23:48:Infinity":11,"b:49:4:49:Infinity:undefined:undefined:undefined:undefined":4,"s:49:4:49:Infinity":12,"s:49:30:49:Infinity":13,"b:50:4:50:Infinity:undefined:undefined:undefined:undefined":5,"s:50:4:50:Infinity":14,"s:50:19:50:Infinity":15,"b:51:4:51:Infinity:undefined:undefined:undefined:undefined":6,"s:51:4:51:Infinity":16,"s:51:36:51:Infinity":17,"s:52:4:52:Infinity":18,"s:62:36:74:Infinity":19,"f:62:36:62:Infinity":5,"b:67:4:67:Infinity:undefined:undefined:undefined:undefined":7,"s:67:4:67:Infinity":20,"s:67:22:67:Infinity":21,"b:68:4:68:Infinity:undefined:undefined:undefined:undefined":8,"s:68:4:68:Infinity":22,"s:68:28:68:Infinity":23,"b:69:4:69:Infinity:undefined:undefined:undefined:undefined":9,"s:69:4:69:Infinity":24,"s:69:23:69:Infinity":25,"b:70:4:70:Infinity:undefined:undefined:undefined:undefined":10,"s:70:4:70:Infinity":26,"s:70:30:70:Infinity":27,"b:71:4:71:Infinity:undefined:undefined:undefined:undefined":11,"s:71:4:71:Infinity":28,"s:71:19:71:Infinity":29,"b:72:4:72:Infinity:undefined:undefined:undefined:undefined":12,"s:72:4:72:Infinity":30,"s:72:36:72:Infinity":31,"s:73:4:73:Infinity":32}}}
}
