TN:
SF:src/app.ts
FN:37,(anonymous_0)
FN:51,(anonymous_1)
FNF:2
FNH:0
FNDA:0,(anonymous_0)
FNDA:0,(anonymous_1)
DA:12,1
DA:18,1
DA:23,1
DA:24,1
DA:27,1
DA:28,1
DA:37,1
DA:38,0
DA:42,1
DA:43,1
DA:51,1
DA:52,0
DA:59,1
LF:13
LH:11
BRDA:24,0,0,1
BRDA:24,0,1,0
BRF:2
BRH:1
end_of_record
TN:
SF:src/config/cors.config.ts
FN:21,(anonymous_0)
FNF:1
FNH:0
FNDA:0,(anonymous_0)
DA:11,1
DA:20,1
DA:23,0
DA:26,0
DA:27,0
DA:29,0
DA:50,1
LF:7
LH:3
BRDA:11,0,0,0
BRDA:11,0,1,1
BRDA:23,1,0,0
BRDA:23,1,1,0
BRDA:26,2,0,0
BRDA:26,2,1,0
BRF:6
BRH:1
end_of_record
TN:
SF:src/controllers/auth.controller.ts
FN:21,(anonymous_0)
FN:44,(anonymous_1)
FNF:2
FNH:0
FNDA:0,(anonymous_0)
FNDA:0,(anonymous_1)
DA:11,1
DA:22,0
DA:23,0
DA:25,0
DA:45,0
DA:46,0
DA:48,0
LF:7
LH:1
BRF:0
BRH:0
end_of_record
TN:
SF:src/controllers/tasks.controller.ts
FN:19,(anonymous_0)
FN:42,(anonymous_1)
FN:64,(anonymous_2)
FN:88,(anonymous_3)
FN:109,(anonymous_4)
FNF:5
FNH:5
FNDA:2,(anonymous_0)
FNDA:1,(anonymous_1)
FNDA:1,(anonymous_2)
FNDA:1,(anonymous_3)
FNDA:1,(anonymous_4)
DA:11,1
DA:20,2
DA:21,2
DA:23,2
DA:25,2
DA:43,1
DA:44,1
DA:46,1
DA:65,1
DA:66,1
DA:68,1
DA:70,1
DA:89,1
DA:90,1
DA:92,1
DA:94,1
DA:110,1
DA:111,1
DA:113,1
DA:115,1
LF:20
LH:20
BRF:0
BRH:0
end_of_record
TN:
SF:src/dtos/task.dto.ts
FN:43,(anonymous_0)
FN:58,(anonymous_1)
FNF:2
FNH:2
FNDA:6,(anonymous_0)
FNDA:2,(anonymous_1)
DA:43,6
DA:58,1
DA:59,2
LF:3
LH:3
BRF:0
BRH:0
end_of_record
TN:
SF:src/dtos/user.dto.ts
FN:47,(anonymous_0)
FNF:1
FNH:0
FNDA:0,(anonymous_0)
DA:47,1
LF:1
LH:1
BRF:0
BRH:0
end_of_record
TN:
SF:src/middlewares/auth.middleware.ts
FN:17,(anonymous_0)
FNF:1
FNH:1
FNDA:17,(anonymous_0)
DA:17,2
DA:23,17
DA:26,17
DA:27,2
DA:31,15
DA:34,15
DA:35,2
DA:38,13
DA:40,13
DA:42,12
DA:44,12
DA:47,1
LF:12
LH:12
BRDA:26,0,0,2
BRDA:26,0,1,15
BRDA:34,1,0,2
BRDA:34,1,1,13
BRDA:40,2,0,13
BRDA:40,2,1,0
BRF:6
BRH:5
end_of_record
TN:
SF:src/middlewares/error.middleware.ts
FN:15,(anonymous_0)
FN:33,(anonymous_1)
FN:34,(anonymous_2)
FN:49,(anonymous_3)
FNF:4
FNH:4
FNDA:30,(anonymous_0)
FNDA:7,(anonymous_1)
FNDA:6,(anonymous_2)
FNDA:1,(anonymous_3)
DA:16,30
DA:17,30
DA:18,30
DA:20,30
DA:21,30
DA:33,5
DA:34,7
DA:35,6
DA:49,5
DA:55,1
DA:58,1
DA:59,1
DA:67,0
DA:68,0
DA:72,0
DA:73,0
DA:75,0
DA:76,0
DA:82,0
DA:83,0
DA:89,0
DA:90,0
DA:96,0
DA:97,0
DA:103,0
DA:104,0
DA:110,0
DA:111,0
DA:117,0
DA:118,0
DA:126,0
DA:127,0
DA:133,0
DA:134,0
LF:34
LH:12
BRDA:18,0,0,30
BRDA:58,1,0,1
BRDA:58,1,1,0
BRDA:62,2,0,1
BRDA:62,2,1,1
BRDA:67,3,0,0
BRDA:67,3,1,0
BRDA:72,4,0,0
BRDA:72,4,1,0
BRDA:75,5,0,0
BRDA:75,5,1,0
BRDA:82,6,0,0
BRDA:82,6,1,0
BRDA:82,7,0,0
BRDA:82,7,1,0
BRDA:89,8,0,0
BRDA:89,8,1,0
BRDA:96,9,0,0
BRDA:96,9,1,0
BRDA:103,10,0,0
BRDA:103,10,1,0
BRDA:110,11,0,0
BRDA:110,11,1,0
BRDA:117,12,0,0
BRDA:117,12,1,0
BRDA:126,13,0,0
BRDA:126,13,1,0
BRDA:137,14,0,0
BRDA:137,14,1,0
BRF:29
BRH:4
end_of_record
TN:
SF:src/middlewares/validation.middleware.ts
FN:16,(anonymous_0)
FN:26,(anonymous_1)
FNF:2
FNH:2
FNDA:9,(anonymous_0)
FNDA:6,(anonymous_1)
DA:16,1
DA:18,9
DA:21,9
DA:22,5
DA:26,6
DA:35,4
LF:6
LH:6
BRDA:21,0,0,5
BRDA:21,0,1,4
BRDA:27,1,0,6
BRDA:27,1,1,0
BRDA:29,2,0,6
BRDA:29,2,1,0
BRF:6
BRH:4
end_of_record
TN:
SF:src/prisma/client.ts
FN:22,(anonymous_0)
FNF:1
FNH:0
FNDA:0,(anonymous_0)
DA:13,0
DA:22,0
DA:23,0
LF:3
LH:0
BRF:0
BRH:0
end_of_record
TN:
SF:src/repositories/task.repository.ts
FN:18,(anonymous_0)
FN:36,(anonymous_1)
FN:43,(anonymous_2)
FN:52,(anonymous_3)
FN:66,(anonymous_4)
FNF:5
FNH:5
FNDA:2,(anonymous_0)
FNDA:3,(anonymous_1)
FNDA:1,(anonymous_2)
FNDA:1,(anonymous_3)
FNDA:1,(anonymous_4)
DA:11,1
DA:19,2
DA:21,2
DA:22,1
DA:25,2
DA:36,3
DA:44,1
DA:53,1
DA:66,1
LF:9
LH:9
BRDA:21,0,0,1
BRDA:21,0,1,1
BRF:2
BRH:2
end_of_record
TN:
SF:src/repositories/user.repository.ts
FN:16,(anonymous_0)
FN:24,(anonymous_1)
FNF:2
FNH:0
FNDA:0,(anonymous_0)
FNDA:0,(anonymous_1)
DA:10,1
DA:17,0
DA:24,0
LF:3
LH:1
BRF:0
BRH:0
end_of_record
TN:
SF:src/routes/auth.routes.ts
FNF:0
FNH:0
DA:15,1
DA:24,1
DA:33,1
LF:3
LH:3
BRF:0
BRH:0
end_of_record
TN:
SF:src/routes/tasks.routes.ts
FNF:0
FNH:0
DA:17,1
DA:20,1
DA:27,1
DA:36,1
DA:45,1
DA:54,1
DA:63,1
LF:7
LH:7
BRF:0
BRH:0
end_of_record
TN:
SF:src/services/auth.service.ts
FN:24,(anonymous_0)
FN:57,(anonymous_1)
FNF:2
FNH:2
FNDA:4,(anonymous_0)
FNDA:6,(anonymous_1)
DA:12,3
DA:26,4
DA:27,4
DA:28,2
DA:32,2
DA:35,2
DA:42,2
DA:44,2
DA:59,6
DA:60,6
DA:63,4
DA:64,4
DA:67,2
DA:69,2
LF:14
LH:14
BRDA:27,0,0,2
BRDA:27,0,1,2
BRDA:60,1,0,2
BRDA:60,1,1,4
BRDA:64,2,0,2
BRDA:64,2,1,2
BRF:6
BRH:6
end_of_record
TN:
SF:src/services/tasks.service.ts
FN:19,(anonymous_0)
FN:35,(anonymous_1)
FN:51,(anonymous_2)
FN:72,(anonymous_3)
FN:93,(anonymous_4)
FNF:5
FNH:5
FNDA:5,(anonymous_0)
FNDA:3,(anonymous_1)
FNDA:4,(anonymous_2)
FNDA:4,(anonymous_3)
FNDA:4,(anonymous_4)
DA:11,2
DA:20,5
DA:22,5
DA:23,1
DA:26,4
DA:36,3
DA:52,4
DA:54,4
DA:55,1
DA:58,3
DA:59,1
DA:62,2
DA:73,4
DA:75,4
DA:76,1
DA:79,3
DA:80,1
DA:83,2
DA:94,4
DA:96,4
DA:97,1
DA:100,3
DA:101,1
DA:104,2
LF:24
LH:24
BRDA:22,0,0,1
BRDA:22,0,1,4
BRDA:22,1,0,5
BRDA:22,1,1,3
BRDA:39,2,0,3
BRDA:39,2,1,2
BRDA:54,3,0,1
BRDA:54,3,1,3
BRDA:58,4,0,1
BRDA:58,4,1,2
BRDA:75,5,0,1
BRDA:75,5,1,3
BRDA:79,6,0,1
BRDA:79,6,1,2
BRDA:96,7,0,1
BRDA:96,7,1,3
BRDA:100,8,0,1
BRDA:100,8,1,2
BRF:18
BRH:18
end_of_record
TN:
SF:src/utils/bcrypt.ts
FN:10,(anonymous_0)
FN:21,(anonymous_1)
FNF:2
FNH:2
FNDA:5,(anonymous_0)
FNDA:3,(anonymous_1)
DA:10,2
DA:12,5
DA:21,2
DA:25,3
LF:4
LH:4
BRF:0
BRH:0
end_of_record
TN:
SF:src/utils/jwt.ts
FN:17,(anonymous_0)
FN:26,(anonymous_1)
FNF:2
FNH:2
FNDA:5,(anonymous_0)
FNDA:3,(anonymous_1)
DA:10,2
DA:17,2
DA:18,5
DA:26,3
LF:4
LH:4
BRDA:10,0,0,2
BRDA:10,0,1,0
BRF:2
BRH:1
end_of_record
TN:
SF:src/validators/auth.validator.ts
FNF:0
FNH:0
DA:9,1
DA:25,1
LF:2
LH:2
BRF:0
BRH:0
end_of_record
TN:
SF:src/validators/task.validator.ts
FNF:0
FNH:0
DA:8,1
DA:31,1
DA:57,1
LF:3
LH:3
BRF:0
BRH:0
end_of_record
